<?xml version="1.0" encoding="UTF-8"?>
<!-- Generated by org.testng.reporters.JUnitReportReporter -->
<testsuite hostname="Rajkumar-PC" name="com.test.TestCaseLogin" tests="1" failures="0" timestamp="22 Jul 2018 12:14:48 GMT" time="36.748" errors="0">
  <testcase name="LoginFb" time="36.748" classname="com.test.TestCaseLogin"/>
</testsuite> <!-- com.test.TestCaseLogin -->
