<?xml version="1.0" encoding="UTF-8"?>
<!-- Generated by org.testng.reporters.JUnitReportReporter -->
<testsuite hostname="Rajkumar-PC" name="com.test.VerifyFb" tests="2" failures="0" timestamp="22 Jul 2018 16:52:47 GMT" time="0.632" errors="0">
  <testcase name="checkuser" time="0.473" classname="com.test.VerifyFb"/>
  <testcase name="logout" time="0.159" classname="com.test.VerifyFb"/>
</testsuite> <!-- com.test.VerifyFb -->
